#
# A fatal error has been detected by the Java Runtime Environment:
#
#  EXCEPTION_ACCESS_VIOLATION (0xc0000005) at pc=0x00000000778a3290, pid=3992, tid=2072
#
# JRE version: 6.0_17-b04
# Java VM: Java HotSpot(TM) 64-Bit Server VM (14.3-b01 mixed mode windows-amd64 )
# Problematic frame:
# C  [ntdll.dll+0x53290]
#
# If you would like to submit a bug report, please visit:
#   http://java.sun.com/webapps/bugreport/crash.jsp
# The crash happened outside the Java Virtual Machine in native code.
# See problematic frame for where to report the bug.
#

---------------  T H R E A D  ---------------

Current thread (0x0000000065cfc800):  JavaThread "AddressBar directory emptiness poller" [_thread_in_native, id=2072, stack(0x00000000190c0000,0x0000000019140000)]

siginfo: ExceptionCode=0xc0000005, reading address 0x000000a71ee31d58

Registers:
EAX=0x000000006f0e6fd0, EBX=0x000000a71ee31d50, ECX=0x000000ffffffffff, EDX=0x000000006f0e6fc0
ESP=0x000000001913eba0, EBP=0x0000000000000000, ESI=0x0000000005760000, EDI=0x000000006f0e6fd0
EIP=0x00000000778a3290, EFLAGS=0x0000000000010206

Top of Stack: (sp=0x000000001913eba0)
0x000000001913eba0:   0000000000000000 000000001913ee38
0x000000001913ebb0:   0000000005760000 000007feed6d73c8
0x000000001913ebc0:   0000000000000002 0000000000000078
0x000000001913ebd0:   0000000000000000 000000001913ed98
0x000000001913ebe0:   000000007bb70330 0000000000000002
0x000000001913ebf0:   0000000000000000 0000000000000003
0x000000001913ec00:   000000006f019d70 000000006f0e6fd0
0x000000001913ec10:   0000000005760000 000007feed6d7e5f
0x000000001913ec20:   0000000000000001 0000000000000001
0x000000001913ec30:   000000006f019d98 00000000705c4caa
0x000000001913ec40:   00006a9bd59b5147 000000006f0e6ff8
0x000000001913ec50:   0000000000000002 6666666666666667
0x000000001913ec60:   0000000000000003 000000006f019d70
0x000000001913ec70:   000000001913ee38 0000000077651a4a
0x000000001913ec80:   0000000000000003 000000006f019d98
0x000000001913ec90:   0000000000000000 000000001913ed00 

Instructions: (pc=0x00000000778a3290)
0x00000000778a3280:   33 d8 48 33 1d 3f f1 0d 00 48 c1 e3 04 0f 0d 0b
0x00000000778a3290:   4c 8b 63 08 49 bd 01 00 00 00 01 00 00 00 49 be 


Stack: [0x00000000190c0000,0x0000000019140000],  sp=0x000000001913eba0,  free space=506k
Native frames: (J=compiled Java code, j=interpreted, Vv=VM code, C=native code)
C  [ntdll.dll+0x53290]

[error occurred during error reporting (printing native stack), id 0xc0000005]

Java frames: (J=compiled Java code, j=interpreted, Vv=VM code)
j  com.mathworks.services.settings.Setting.nativeGet(J[Ljava/lang/String;Ljava/lang/String;Ljava/lang/String;)Lcom/mathworks/services/settings/SettingInfo;+0
j  com.mathworks.services.settings.Setting.getInternal(ZLcom/mathworks/services/settings/SettingLevel;)Ljava/lang/Object;+230
j  com.mathworks.services.settings.Setting.get()Ljava/lang/Object;+3
j  com.mathworks.mlwidgets.explorer.widgets.address.AddressBar$EmptyPoller$1.run()V+25
j  java.util.TimerThread.mainLoop()V+221
j  java.util.TimerThread.run()V+1
v  ~StubRoutines::call_stub

---------------  P R O C E S S  ---------------

Java Threads: ( => current thread )
  0x0000000065cfd800 JavaThread "Prefs Updater" daemon [_thread_blocked, id=1120, stack(0x0000000008c40000,0x0000000008cc0000)]
  0x00000000670fb000 JavaThread "Code Analyzer updating thread" [_thread_blocked, id=1452, stack(0x000000006e610000,0x000000006e690000)]
  0x00000000670fa000 JavaThread "Code Analyzer updating thread" [_thread_blocked, id=1144, stack(0x000000006f980000,0x000000006fa00000)]
  0x0000000065d09800 JavaThread "Code Analyzer updating thread" [_thread_blocked, id=2756, stack(0x000000006f8d0000,0x000000006f950000)]
  0x0000000065d09000 JavaThread "Code Analyzer updating thread" [_thread_blocked, id=964, stack(0x0000000067960000,0x00000000679e0000)]
  0x0000000065d08000 JavaThread "Code Analyzer updating thread" [_thread_blocked, id=1304, stack(0x000000006f830000,0x000000006f8b0000)]
  0x0000000065d07800 JavaThread "Code Analyzer updating thread" [_thread_blocked, id=2608, stack(0x000000006e580000,0x000000006e600000)]
  0x0000000065d07000 JavaThread "Code Analyzer updating thread" [_thread_blocked, id=2476, stack(0x000000006e410000,0x000000006e490000)]
  0x0000000065d06000 JavaThread "Code Analyzer updating thread" [_thread_blocked, id=2168, stack(0x0000000067a60000,0x0000000067ae0000)]
  0x0000000065d05800 JavaThread "Code Analyzer updating thread" [_thread_blocked, id=1148, stack(0x000000006e300000,0x000000006e380000)]
  0x0000000065d04800 JavaThread "Code Analyzer updating thread" [_thread_blocked, id=2236, stack(0x000000003d9b0000,0x000000003da30000)]
  0x0000000065d04000 JavaThread "Code Analyzer updating thread" [_thread_blocked, id=3048, stack(0x0000000060fc0000,0x0000000061040000)]
  0x0000000065d03000 JavaThread "Code Analyzer updating thread" [_thread_blocked, id=2776, stack(0x00000000679e0000,0x0000000067a60000)]
  0x0000000065d02800 JavaThread "Code Analyzer updating thread" [_thread_blocked, id=2632, stack(0x00000000357e0000,0x0000000035860000)]
  0x0000000065d01800 JavaThread "Code Analyzer updating thread" [_thread_blocked, id=2752, stack(0x00000000678b0000,0x0000000067930000)]
  0x0000000065d01000 JavaThread "Active Reference Queue Daemon" daemon [_thread_blocked, id=764, stack(0x0000000067820000,0x00000000678a0000)]
  0x0000000065d00800 JavaThread "Timer-7" daemon [_thread_blocked, id=2464, stack(0x000000002d610000,0x000000002d690000)]
  0x0000000065cff000 JavaThread "Timer-6" daemon [_thread_blocked, id=2660, stack(0x0000000060f30000,0x0000000060fb0000)]
  0x0000000065cfe000 JavaThread "Explorer NavigationContext request queue" [_thread_blocked, id=304, stack(0x000000003d8f0000,0x000000003d970000)]
=>0x0000000065cfc800 JavaThread "AddressBar directory emptiness poller" [_thread_in_native, id=2072, stack(0x00000000190c0000,0x0000000019140000)]
  0x0000000065cfb000 JavaThread "Timer-1" [_thread_blocked, id=3324, stack(0x000000000ff80000,0x0000000010000000)]
  0x000000000ec89800 JavaThread "TimerQueue" daemon [_thread_blocked, id=968, stack(0x0000000019020000,0x00000000190a0000)]
  0x000000000ec8f000 JavaThread "AWT-EventQueue-0" [_thread_blocked, id=424, stack(0x000000000fd60000,0x000000000fde0000)]
  0x000000000ec8e000 JavaThread "AWT-Shutdown" [_thread_blocked, id=860, stack(0x000000000fa60000,0x000000000fae0000)]
  0x00000000655da000 JavaThread "FelixPackageAdmin" daemon [_thread_blocked, id=3916, stack(0x000000000fbb0000,0x000000000fc30000)]
  0x0000000065813000 JavaThread "FelixStartLevel" daemon [_thread_blocked, id=3628, stack(0x000000000fea0000,0x000000000ff20000)]
  0x0000000065a24000 JavaThread "FelixDispatchQueue" daemon [_thread_blocked, id=3548, stack(0x000000000fde0000,0x000000000fe60000)]
  0x000000000ed9d000 JavaThread "com.google.common.base.internal.Finalizer" daemon [_thread_blocked, id=1820, stack(0x000000000fc90000,0x000000000fd10000)]
  0x000000006570c800 JavaThread "AWT-Windows" daemon [_thread_in_native, id=3088, stack(0x000000000e6b0000,0x000000000e730000)]
  0x0000000065523000 JavaThread "Java2D Disposer" daemon [_thread_blocked, id=3580, stack(0x000000000f9c0000,0x000000000fa40000)]
  0x000000006519d000 JavaThread "Timer-0" [_thread_blocked, id=312, stack(0x000000000f900000,0x000000000f980000)]
  0x000000000f7b8000 JavaThread "EventMgr Dispatcher" daemon [_thread_in_native, id=2528, stack(0x0000000019160000,0x000000001d160000)]
  0x000000000e92c800 JavaThread "Low Memory Detector" daemon [_thread_blocked, id=3248, stack(0x000000000eb60000,0x000000000ebe0000)]
  0x000000000e927000 JavaThread "CompilerThread1" daemon [_thread_blocked, id=3084, stack(0x000000009c780000,0x00000000a0780000)]
  0x000000000e91f800 JavaThread "CompilerThread0" daemon [_thread_blocked, id=3144, stack(0x00000000986a0000,0x000000009c6a0000)]
  0x000000000e91f000 JavaThread "Attach Listener" daemon [_thread_blocked, id=3488, stack(0x000000000ea80000,0x000000000eb00000)]
  0x000000000e8c6000 JavaThread "Finalizer" daemon [_thread_blocked, id=3212, stack(0x000000000e9c0000,0x000000000ea40000)]
  0x000000000e8bc000 JavaThread "Reference Handler" daemon [_thread_blocked, id=3904, stack(0x000000000e630000,0x000000000e6b0000)]
  0x00000000057e4000 JavaThread "main" [_thread_in_native, id=4004, stack(0x0000000000150000,0x0000000004150000)]

Other Threads:
  0x000000000e8b7000 VMThread [stack: 0x0000000094510000,0x0000000098510000] [id=3900]
  0x000000000e941800 WatcherThread [stack: 0x00000000a07e0000,0x00000000a47e0000] [id=2344]

VM state:not at safepoint (normal execution)

VM Mutex/Monitor currently owned by a thread: None

Heap
 PSYoungGen      total 27008K, used 14511K [0x0000000055d50000, 0x00000000584e0000, 0x0000000058e50000)
  eden space 25152K, 50% used [0x0000000055d50000,0x00000000569b6590,0x00000000575e0000)
  from space 1856K, 97% used [0x00000000576b0000,0x0000000057875920,0x0000000057880000)
  to   space 7680K, 0% used [0x0000000057d60000,0x0000000057d60000,0x00000000584e0000)
 PSOldGen        total 91648K, used 75232K [0x000000004ca50000, 0x00000000523d0000, 0x0000000055d50000)
  object space 91648K, 82% used [0x000000004ca50000,0x00000000513c80b0,0x00000000523d0000)
 PSPermGen       total 104192K, used 61144K [0x0000000044a50000, 0x000000004b010000, 0x000000004ca50000)
  object space 104192K, 58% used [0x0000000044a50000,0x0000000048606340,0x000000004b010000)

Dynamic libraries:
0x000000013f420000 - 0x000000013f452000 	C:\Program Files\MATLAB\R2012a\bin\win64\MATLAB.exe
0x0000000077850000 - 0x00000000779f9000 	C:\Windows\SYSTEM32\ntdll.dll
0x0000000077630000 - 0x000000007774f000 	C:\Windows\system32\kernel32.dll
0x000007fefd830000 - 0x000007fefd89b000 	C:\Windows\system32\KERNELBASE.dll
0x0000000074460000 - 0x0000000074554000 	C:\Program Files\MATLAB\R2012a\bin\win64\libut.dll
0x00000000758a0000 - 0x0000000075952000 	C:\Program Files\MATLAB\R2012a\bin\win64\libmwi18n.dll
0x0000000180000000 - 0x000000018000b000 	C:\Program Files\MATLAB\R2012a\bin\win64\libmwresource_core.dll
0x00000000705c0000 - 0x0000000070693000 	C:\Windows\WinSxS\amd64_microsoft.vc90.crt_1fc8b3b9a1e18e3b_9.0.30729.6161_none_08e61857a83bc251\MSVCP90.dll
0x0000000070510000 - 0x00000000705b3000 	C:\Windows\WinSxS\amd64_microsoft.vc90.crt_1fc8b3b9a1e18e3b_9.0.30729.6161_none_08e61857a83bc251\MSVCR90.dll
0x000000007a170000 - 0x000000007a19c000 	C:\Program Files\MATLAB\R2012a\bin\win64\boost_filesystem-vc90-mt-1_44.dll
0x000000007a560000 - 0x000000007a569000 	C:\Program Files\MATLAB\R2012a\bin\win64\boost_system-vc90-mt-1_44.dll
0x000007feff770000 - 0x000007feff84b000 	C:\Windows\system32\ADVAPI32.dll
0x000007fefdf30000 - 0x000007fefdfcf000 	C:\Windows\system32\msvcrt.dll
0x000007fefe290000 - 0x000007fefe2af000 	C:\Windows\SYSTEM32\sechost.dll
0x000007fefde00000 - 0x000007fefdf2d000 	C:\Windows\system32\RPCRT4.dll
0x000000007a010000 - 0x000000007a035000 	C:\Program Files\MATLAB\R2012a\bin\win64\LIBEXPAT.dll
0x0000000074a90000 - 0x0000000074c81000 	C:\Program Files\MATLAB\R2012a\bin\win64\icuin44.dll
0x0000000074910000 - 0x0000000074a81000 	C:\Program Files\MATLAB\R2012a\bin\win64\icuuc44.dll
0x0000000010000000 - 0x0000000010e41000 	C:\Program Files\MATLAB\R2012a\bin\win64\icudt44.dll
0x0000000073f70000 - 0x00000000740ad000 	C:\Program Files\MATLAB\R2012a\bin\win64\libmwfl.dll
0x0000000004260000 - 0x0000000004556000 	C:\Program Files\MATLAB\R2012a\bin\win64\libmwMATLAB_res.dll
0x000000007a3b0000 - 0x000000007a3c0000 	C:\Program Files\MATLAB\R2012a\bin\win64\boost_date_time-vc90-mt-1_44.dll
0x000000007a250000 - 0x000000007a263000 	C:\Program Files\MATLAB\R2012a\bin\win64\boost_signals-vc90-mt-1_44.dll
0x000000007a2d0000 - 0x000000007a2e2000 	C:\Program Files\MATLAB\R2012a\bin\win64\boost_thread-vc90-mt-1_44.dll
0x00000000045a0000 - 0x00000000045e6000 	C:\Program Files\MATLAB\R2012a\bin\win64\tbb.dll
0x000007fefe4d0000 - 0x000007fefe4e9000 	C:\Windows\system32\imagehlp.dll
0x0000000077a20000 - 0x0000000077a27000 	C:\Windows\system32\PSAPI.DLL
0x00000000748f0000 - 0x0000000074903000 	C:\Program Files\MATLAB\R2012a\bin\win64\icuio44.dll
0x000007fef75a0000 - 0x000007fef76c5000 	C:\Windows\system32\dbghelp.dll
0x0000000077750000 - 0x000000007784a000 	C:\Windows\system32\USER32.dll
0x000007fefe4f0000 - 0x000007fefe557000 	C:\Windows\system32\GDI32.dll
0x000007fefe2b0000 - 0x000007fefe2be000 	C:\Windows\system32\LPK.dll
0x000007feff2f0000 - 0x000007feff3b9000 	C:\Windows\system32\USP10.dll
0x000000007bed0000 - 0x000000007c183000 	C:\Program Files\MATLAB\R2012a\bin\win64\libmwservices.dll
0x0000000075a20000 - 0x0000000075ae2000 	C:\Program Files\MATLAB\R2012a\bin\win64\libmx.dll
0x000000007a210000 - 0x000000007a228000 	C:\Program Files\MATLAB\R2012a\bin\win64\zlib1.dll
0x0000000004640000 - 0x0000000004661000 	C:\Program Files\MATLAB\R2012a\bin\win64\libmwmfl_scalar.dll
0x0000000075f10000 - 0x0000000075f5d000 	C:\Program Files\MATLAB\R2012a\bin\win64\mpath.dll
0x000000007b680000 - 0x000000007bbe1000 	C:\Program Files\MATLAB\R2012a\bin\win64\mlutil.dll
0x000000006e4d0000 - 0x000000006e54f000 	C:\Program Files\MATLAB\R2012a\bin\win64\xmlcore.dll
0x000000007bc30000 - 0x000000007be83000 	C:\Program Files\MATLAB\R2012a\bin\win64\xerces-c_2_7.dll
0x000007fefe000000 - 0x000007fefe04d000 	C:\Windows\system32\WS2_32.dll
0x000007feffb50000 - 0x000007feffb58000 	C:\Windows\system32\NSI.dll
0x00000000046c0000 - 0x00000000046da000 	C:\Program Files\MATLAB\R2012a\bin\win64\libmwMATLAB_settings_res.dll
0x00000000046f0000 - 0x0000000004737000 	C:\Program Files\MATLAB\R2012a\bin\win64\boost_serialization-vc90-mt-1_44.dll
0x000007fefe560000 - 0x000007feff2e8000 	C:\Windows\system32\SHELL32.dll
0x000007feffa30000 - 0x000007feffaa1000 	C:\Windows\system32\SHLWAPI.dll
0x000007feedb40000 - 0x000007feedbe0000 	C:\Windows\WinSxS\amd64_microsoft.windows.common-controls_6595b64144ccf1df_5.82.7601.18201_none_a4d3b9377117c3df\COMCTL32.dll
0x000007feffab0000 - 0x000007feffb47000 	C:\Windows\system32\COMDLG32.dll
0x000007fefa8a0000 - 0x000007fefa8b6000 	C:\Windows\system32\NETAPI32.dll
0x000007fefa890000 - 0x000007fefa89c000 	C:\Windows\system32\netutils.dll
0x000007fefd120000 - 0x000007fefd143000 	C:\Windows\system32\srvcli.dll
0x000007fefa870000 - 0x000007fefa885000 	C:\Windows\system32\wkscli.dll
0x000007fefe2c0000 - 0x000007fefe4c3000 	C:\Windows\system32\ole32.dll
0x000007fefe050000 - 0x000007fefe127000 	C:\Windows\system32\OLEAUT32.dll
0x0000000004750000 - 0x00000000048e6000 	C:\Program Files\MATLAB\R2012a\bin\win64\mcr.dll
0x0000000075000000 - 0x000000007536b000 	C:\Program Files\MATLAB\R2012a\bin\win64\iqm.dll
0x0000000069b00000 - 0x000000006a321000 	C:\Program Files\MATLAB\R2012a\bin\win64\m_interpreter.dll
0x00000000748c0000 - 0x00000000748e5000 	C:\Program Files\MATLAB\R2012a\bin\win64\libmex.dll
0x000000006e210000 - 0x000000006e2c3000 	C:\Program Files\MATLAB\R2012a\bin\win64\m_dispatcher.dll
0x0000000004940000 - 0x0000000004a2d000 	C:\Program Files\MATLAB\R2012a\bin\win64\boost_regex-vc90-mt-1_44.dll
0x0000000069a70000 - 0x0000000069af4000 	C:\Program Files\MATLAB\R2012a\bin\win64\profiler.dll
0x0000000004a50000 - 0x0000000004ca5000 	C:\Program Files\MATLAB\R2012a\bin\win64\libmwmathutil.dll
0x0000000079f40000 - 0x0000000079f6d000 	C:\Program Files\MATLAB\R2012a\bin\win64\libmwmathrng.dll
0x0000000004cd0000 - 0x0000000004dad000 	C:\Program Files\MATLAB\R2012a\bin\win64\libmwmathcore.dll
0x0000000076160000 - 0x00000000761cb000 	C:\Program Files\MATLAB\R2012a\bin\win64\libmwspmatrix.dll
0x0000000075ea0000 - 0x0000000075f02000 	C:\Program Files\MATLAB\R2012a\bin\win64\libmwcholmod.dll
0x000000007a460000 - 0x000000007a46d000 	C:\Program Files\MATLAB\R2012a\bin\win64\libmwamd.dll
0x000000007a4b0000 - 0x000000007a4bc000 	C:\Program Files\MATLAB\R2012a\bin\win64\libmwcolamd.dll
0x0000000074700000 - 0x0000000074719000 	C:\Program Files\MATLAB\R2012a\bin\win64\libmwblas.dll
0x000000006e7c0000 - 0x000000006e7d2000 	C:\Program Files\MATLAB\R2012a\bin\win64\libmwbinder.dll
0x00000000748b0000 - 0x00000000748bb000 	C:\Program Files\MATLAB\R2012a\bin\win64\libmwompwrapper.dll
0x00000000699e0000 - 0x0000000069a66000 	C:\Program Files\MATLAB\R2012a\bin\win64\libmwlapack.dll
0x000000006e790000 - 0x000000006e7b1000 	C:\Program Files\MATLAB\R2012a\bin\win64\m_pcodeio.dll
0x0000000079b10000 - 0x0000000079b77000 	C:\Program Files\MATLAB\R2012a\bin\win64\m_ir.dll
0x0000000069390000 - 0x00000000699e0000 	C:\Program Files\MATLAB\R2012a\bin\win64\m_parser.dll
0x000000006e4b0000 - 0x000000006e4ca000 	C:\Program Files\MATLAB\R2012a\bin\win64\ir_xfmr.dll
0x0000000069110000 - 0x0000000069389000 	C:\Program Files\MATLAB\R2012a\bin\win64\mcos.dll
0x000000006e4a0000 - 0x000000006e4ac000 	C:\Program Files\MATLAB\R2012a\bin\win64\mtok.dll
0x000000006e1d0000 - 0x000000006e201000 	C:\Program Files\MATLAB\R2012a\bin\win64\m_pcodegen.dll
0x0000000079fb0000 - 0x0000000079fe7000 	C:\Program Files\MATLAB\R2012a\bin\win64\libmwbridge.dll
0x0000000069040000 - 0x0000000069108000 	C:\Program Files\MATLAB\R2012a\bin\win64\udd.dll
0x0000000068ee0000 - 0x0000000069032000 	C:\Program Files\MATLAB\R2012a\bin\win64\libmwgui.dll
0x000000006e1b0000 - 0x000000006e1c7000 	C:\Program Files\MATLAB\R2012a\bin\win64\graphics_util.dll
0x0000000068530000 - 0x0000000068ed3000 	C:\Program Files\MATLAB\R2012a\bin\win64\hg.dll
0x0000000004f00000 - 0x0000000004f67000 	C:\Program Files\MATLAB\R2012a\bin\win64\libmat.dll
0x0000000072d30000 - 0x0000000072f44000 	C:\Program Files\MATLAB\R2012a\bin\win64\hdf5dll.dll
0x0000000075710000 - 0x00000000757c1000 	C:\Program Files\MATLAB\R2012a\bin\win64\jmi.dll
0x0000000004fa0000 - 0x0000000004fae000 	C:\Program Files\MATLAB\R2012a\bin\win64\nativejava_services.dll
0x00000000684e0000 - 0x0000000068522000 	C:\Program Files\MATLAB\R2012a\bin\win64\libmwhardcopy.dll
0x0000000068480000 - 0x00000000684da000 	C:\Program Files\MATLAB\R2012a\bin\win64\libuij.dll
0x0000000068270000 - 0x000000006847c000 	C:\Program Files\MATLAB\R2012a\bin\win64\hgdatatypes.dll
0x0000000068170000 - 0x000000006826d000 	C:\Program Files\MATLAB\R2012a\bin\win64\hgutils.dll
0x00000000680b0000 - 0x000000006816d000 	C:\Program Files\MATLAB\R2012a\bin\win64\udd_mi.dll
0x0000000005010000 - 0x000000000504b000 	C:\Program Files\MATLAB\R2012a\bin\win64\libmwgbtutils.dll
0x0000000005060000 - 0x0000000005079000 	C:\Program Files\MATLAB\R2012a\bin\win64\libmwgbt.dll
0x0000000005090000 - 0x000000000535a000 	C:\Program Files\MATLAB\R2012a\bin\win64\uiw.dll
0x000000006e490000 - 0x000000006e49f000 	C:\Program Files\MATLAB\R2012a\bin\win64\uinone.dll
0x000007fef7520000 - 0x000007fef7538000 	C:\Windows\system32\MPR.dll
0x0000000067bc0000 - 0x00000000680a4000 	C:\Windows\WinSxS\amd64_microsoft.vc90.mfc_1fc8b3b9a1e18e3b_9.0.30729.6161_none_044aad0bab1eb146\mfc90.dll
0x000007fef4590000 - 0x000007fef4597000 	C:\Windows\system32\MSIMG32.dll
0x000007fef7730000 - 0x000007fef77a1000 	C:\Windows\system32\WINSPOOL.DRV
0x0000000067ba0000 - 0x0000000067bc0000 	C:\Program Files\MATLAB\R2012a\bin\win64\mwoles05.DLL
0x0000000067b20000 - 0x0000000067b9c000 	C:\Program Files\MATLAB\R2012a\bin\win64\comcli.dll
0x000000006fce0000 - 0x000000006fd0f000 	C:\Windows\WinSxS\amd64_microsoft.vc90.atl_1fc8b3b9a1e18e3b_9.0.30729.6161_none_0a1fd3a3a768b895\ATL90.DLL
0x000000006e1a0000 - 0x000000006e1ac000 	C:\Program Files\MATLAB\R2012a\bin\win64\mlautoregister.dll
0x00000000053b0000 - 0x00000000053c0000 	C:\Program Files\MATLAB\R2012a\bin\win64\boost_iostreams-vc90-mt-1_44.dll
0x000007fefd4a0000 - 0x000007fefd4f7000 	C:\Windows\system32\apphelp.dll
0x000007feedc20000 - 0x000007feedc71000 	C:\Windows\AppPatch\AppPatch64\AcGenral.DLL
0x000007fefd470000 - 0x000007fefd495000 	C:\Windows\system32\SspiCli.dll
0x0000000073e60000 - 0x0000000073e63000 	C:\Windows\system32\sfc.dll
0x000007fef9070000 - 0x000007fef9080000 	C:\Windows\system32\sfc_os.DLL
0x000007fefc960000 - 0x000007fefc97e000 	C:\Windows\system32\USERENV.dll
0x000007fefd610000 - 0x000007fefd61f000 	C:\Windows\system32\profapi.dll
0x000007fefab90000 - 0x000007fefaba8000 	C:\Windows\system32\dwmapi.dll
0x000007feed6d0000 - 0x000007feedb37000 	C:\Windows\AppPatch\AppPatch64\AcXtrnal.DLL
0x000007fefdfd0000 - 0x000007fefdffe000 	C:\Windows\system32\IMM32.DLL
0x000007fefdcf0000 - 0x000007fefddf9000 	C:\Windows\system32\MSCTF.dll
0x000007fefbdb0000 - 0x000007fefbe06000 	C:\Windows\system32\UxTheme.dll
0x0000000067b10000 - 0x0000000067b1f000 	C:\Windows\WinSxS\amd64_microsoft.vc90.mfcloc_1fc8b3b9a1e18e3b_9.0.30729.6161_none_01c9581e60cbee58\MFC90FRA.DLL
0x0000000005730000 - 0x0000000005759000 	C:\Program Files\MATLAB\R2012a\bin\win64\tbbmalloc.dll
0x000007feedc10000 - 0x000007feedc1f000 	C:\Program Files\MATLAB\R2012a\bin\win64\xmlxrcsc.dll
0x000007fefd500000 - 0x000007fefd50f000 	C:\Windows\system32\CRYPTBASE.dll
0x000007fefc0d0000 - 0x000007fefc2c4000 	C:\Windows\WinSxS\amd64_microsoft.windows.common-controls_6595b64144ccf1df_6.0.7601.17514_none_fa396087175ac9ac\comctl32.dll
0x000007feff850000 - 0x000007feffa27000 	C:\Windows\system32\SETUPAPI.dll
0x000007fefd950000 - 0x000007fefd986000 	C:\Windows\system32\CFGMGR32.dll
0x000007fefd9c0000 - 0x000007fefd9da000 	C:\Windows\system32\DEVOBJ.dll
0x000007feff440000 - 0x000007feff4d9000 	C:\Windows\system32\CLBCatQ.DLL

VM Arguments:
jvm_args: -Xss512k -XX:PermSize=32m -Xms64m -XX:NewRatio=3 -XX:MaxPermSize=128m -Xmx196m -XX:MaxDirectMemorySize=2147400000 -Dsun.java2d.noddraw=true -Dsun.awt.nopixfmt=true -Xshare:off -Xrs -Dsun.awt.disableMixing=true -Djava.library.path=C:\Program Files\MATLAB\R2012a\bin\win64 vfprintf abort 
java_command: <unknown>
Launcher Type: generic

Environment Variables:
PATH=C:\Windows\system32;C:\Windows;C:\Windows\System32\Wbem;C:\Windows\System32\WindowsPowerShell\v1.0\;c:\Program Files (x86)\ATI Technologies\ATI.ACE\Core-Static;C:\Program Files\MATLAB\R2012a\runtime\win64;C:\Program Files\MATLAB\R2012a\bin
USERNAME=Sahar
OS=Windows_NT
PROCESSOR_IDENTIFIER=Intel64 Family 6 Model 60 Stepping 3, GenuineIntel



---------------  S Y S T E M  ---------------

OS: Windows 7 Build 7601 Service Pack 1

CPU:total 8 (8 cores per cpu, 2 threads per core) family 6 model 60 stepping 3, cmov, cx8, fxsr, mmx, sse, sse2, sse3, ssse3, sse4.1, sse4.2, ht

Memory: 4k page, physical 8329420k(6277264k free), swap 16656976k(14438696k free)

vm_info: Java HotSpot(TM) 64-Bit Server VM (14.3-b01) for windows-amd64 JRE (1.6.0_17-b04), built on Oct 11 2009 00:46:08 by "java_re" with MS VC++ 8.0

time: Thu May 08 11:04:30 2014
elapsed time: 277 seconds

